[2023-11-05T16:28:02.073+0000] {taskinstance.py:1090} INFO - Dependencies all met for dep_context=non-requeueable deps ti=<TaskInstance: ETL_People_Places.load_places manual__2023-11-05T16:28:01.403689+00:00 [queued]>
[2023-11-05T16:28:02.096+0000] {taskinstance.py:1090} INFO - Dependencies all met for dep_context=requeueable deps ti=<TaskInstance: ETL_People_Places.load_places manual__2023-11-05T16:28:01.403689+00:00 [queued]>
[2023-11-05T16:28:02.099+0000] {taskinstance.py:1288} INFO - 
--------------------------------------------------------------------------------
[2023-11-05T16:28:02.101+0000] {taskinstance.py:1289} INFO - Starting attempt 1 of 1
[2023-11-05T16:28:02.103+0000] {taskinstance.py:1290} INFO - 
--------------------------------------------------------------------------------
[2023-11-05T16:28:02.131+0000] {taskinstance.py:1309} INFO - Executing <Task(DockerOperator): load_places> on 2023-11-05 16:28:01.403689+00:00
[2023-11-05T16:28:02.139+0000] {standard_task_runner.py:55} INFO - Started process 963 to run task
[2023-11-05T16:28:02.144+0000] {standard_task_runner.py:82} INFO - Running: ['***', 'tasks', 'run', 'ETL_People_Places', 'load_places', 'manual__2023-11-05T16:28:01.403689+00:00', '--job-id', '23', '--raw', '--subdir', 'DAGS_FOLDER/ETL_people_places_dag.py', '--cfg-path', '/tmp/tmpp055gsig']
[2023-11-05T16:28:02.148+0000] {standard_task_runner.py:83} INFO - Job 23: Subtask load_places
[2023-11-05T16:28:02.271+0000] {task_command.py:389} INFO - Running <TaskInstance: ETL_People_Places.load_places manual__2023-11-05T16:28:01.403689+00:00 [running]> on host 526ca62ab683
[2023-11-05T16:28:02.405+0000] {taskinstance.py:1518} INFO - Exporting the following env vars:
AIRFLOW_CTX_DAG_EMAIL=***@example.com
AIRFLOW_CTX_DAG_OWNER=***
AIRFLOW_CTX_DAG_ID=ETL_People_Places
AIRFLOW_CTX_TASK_ID=load_places
AIRFLOW_CTX_EXECUTION_DATE=2023-11-05T16:28:01.403689+00:00
AIRFLOW_CTX_TRY_NUMBER=1
AIRFLOW_CTX_DAG_RUN_ID=manual__2023-11-05T16:28:01.403689+00:00
[2023-11-05T16:28:02.437+0000] {docker.py:306} INFO - Starting docker container from image load_places:latest
[2023-11-05T16:28:08.970+0000] {taskinstance.py:1332} INFO - Marking task as SUCCESS. dag_id=ETL_People_Places, task_id=load_places, execution_date=20231105T162801, start_date=20231105T162802, end_date=20231105T162808
[2023-11-05T16:28:09.018+0000] {local_task_job.py:212} INFO - Task exited with return code 0
[2023-11-05T16:28:09.056+0000] {taskinstance.py:2596} INFO - 1 downstream tasks scheduled from follow-on schedule check
