[2023-11-05T16:26:11.568+0000] {taskinstance.py:1090} INFO - Dependencies all met for dep_context=non-requeueable deps ti=<TaskInstance: ETL_People_Places.load_people manual__2023-11-05T16:26:03.427884+00:00 [queued]>
[2023-11-05T16:26:11.581+0000] {taskinstance.py:1090} INFO - Dependencies all met for dep_context=requeueable deps ti=<TaskInstance: ETL_People_Places.load_people manual__2023-11-05T16:26:03.427884+00:00 [queued]>
[2023-11-05T16:26:11.582+0000] {taskinstance.py:1288} INFO - 
--------------------------------------------------------------------------------
[2023-11-05T16:26:11.583+0000] {taskinstance.py:1289} INFO - Starting attempt 1 of 1
[2023-11-05T16:26:11.584+0000] {taskinstance.py:1290} INFO - 
--------------------------------------------------------------------------------
[2023-11-05T16:26:11.602+0000] {taskinstance.py:1309} INFO - Executing <Task(DockerOperator): load_people> on 2023-11-05 16:26:03.427884+00:00
[2023-11-05T16:26:11.607+0000] {standard_task_runner.py:55} INFO - Started process 739 to run task
[2023-11-05T16:26:11.611+0000] {standard_task_runner.py:82} INFO - Running: ['***', 'tasks', 'run', 'ETL_People_Places', 'load_people', 'manual__2023-11-05T16:26:03.427884+00:00', '--job-id', '21', '--raw', '--subdir', 'DAGS_FOLDER/ETL_people_places_dag.py', '--cfg-path', '/tmp/tmpvr8mihc4']
[2023-11-05T16:26:11.614+0000] {standard_task_runner.py:83} INFO - Job 21: Subtask load_people
[2023-11-05T16:26:11.697+0000] {task_command.py:389} INFO - Running <TaskInstance: ETL_People_Places.load_people manual__2023-11-05T16:26:03.427884+00:00 [running]> on host 526ca62ab683
[2023-11-05T16:26:11.793+0000] {taskinstance.py:1518} INFO - Exporting the following env vars:
AIRFLOW_CTX_DAG_EMAIL=***@example.com
AIRFLOW_CTX_DAG_OWNER=***
AIRFLOW_CTX_DAG_ID=ETL_People_Places
AIRFLOW_CTX_TASK_ID=load_people
AIRFLOW_CTX_EXECUTION_DATE=2023-11-05T16:26:03.427884+00:00
AIRFLOW_CTX_TRY_NUMBER=1
AIRFLOW_CTX_DAG_RUN_ID=manual__2023-11-05T16:26:03.427884+00:00
[2023-11-05T16:26:11.821+0000] {docker.py:306} INFO - Starting docker container from image load_people:latest
[2023-11-05T16:26:12.494+0000] {taskinstance.py:1332} INFO - Marking task as SUCCESS. dag_id=ETL_People_Places, task_id=load_people, execution_date=20231105T162603, start_date=20231105T162611, end_date=20231105T162612
[2023-11-05T16:26:12.553+0000] {local_task_job.py:212} INFO - Task exited with return code 0
[2023-11-05T16:26:12.584+0000] {taskinstance.py:2596} INFO - 1 downstream tasks scheduled from follow-on schedule check
