[2023-11-05T16:25:29.123+0000] {taskinstance.py:1090} INFO - Dependencies all met for dep_context=non-requeueable deps ti=<TaskInstance: ETL_People_Places.transform_people_places manual__2023-11-05T16:25:20.775244+00:00 [queued]>
[2023-11-05T16:25:29.138+0000] {taskinstance.py:1090} INFO - Dependencies all met for dep_context=requeueable deps ti=<TaskInstance: ETL_People_Places.transform_people_places manual__2023-11-05T16:25:20.775244+00:00 [queued]>
[2023-11-05T16:25:29.140+0000] {taskinstance.py:1288} INFO - 
--------------------------------------------------------------------------------
[2023-11-05T16:25:29.141+0000] {taskinstance.py:1289} INFO - Starting attempt 1 of 1
[2023-11-05T16:25:29.143+0000] {taskinstance.py:1290} INFO - 
--------------------------------------------------------------------------------
[2023-11-05T16:25:29.163+0000] {taskinstance.py:1309} INFO - Executing <Task(DockerOperator): transform_people_places> on 2023-11-05 16:25:20.775244+00:00
[2023-11-05T16:25:29.168+0000] {standard_task_runner.py:55} INFO - Started process 665 to run task
[2023-11-05T16:25:29.172+0000] {standard_task_runner.py:82} INFO - Running: ['***', 'tasks', 'run', 'ETL_People_Places', 'transform_people_places', 'manual__2023-11-05T16:25:20.775244+00:00', '--job-id', '19', '--raw', '--subdir', 'DAGS_FOLDER/ETL_people_places_dag.py', '--cfg-path', '/tmp/tmpgv14x8of']
[2023-11-05T16:25:29.175+0000] {standard_task_runner.py:83} INFO - Job 19: Subtask transform_people_places
[2023-11-05T16:25:29.259+0000] {task_command.py:389} INFO - Running <TaskInstance: ETL_People_Places.transform_people_places manual__2023-11-05T16:25:20.775244+00:00 [running]> on host 526ca62ab683
[2023-11-05T16:25:29.359+0000] {taskinstance.py:1518} INFO - Exporting the following env vars:
AIRFLOW_CTX_DAG_EMAIL=***@example.com
AIRFLOW_CTX_DAG_OWNER=***
AIRFLOW_CTX_DAG_ID=ETL_People_Places
AIRFLOW_CTX_TASK_ID=transform_people_places
AIRFLOW_CTX_EXECUTION_DATE=2023-11-05T16:25:20.775244+00:00
AIRFLOW_CTX_TRY_NUMBER=1
AIRFLOW_CTX_DAG_RUN_ID=manual__2023-11-05T16:25:20.775244+00:00
[2023-11-05T16:25:29.393+0000] {docker.py:306} INFO - Starting docker container from image transform:latest
[2023-11-05T16:25:29.850+0000] {docker.py:373} INFO - result final: {}
Results have been written to data/summary_output.json
[2023-11-05T16:25:30.132+0000] {taskinstance.py:1332} INFO - Marking task as SUCCESS. dag_id=ETL_People_Places, task_id=transform_people_places, execution_date=20231105T162520, start_date=20231105T162529, end_date=20231105T162530
[2023-11-05T16:25:30.198+0000] {local_task_job.py:212} INFO - Task exited with return code 0
[2023-11-05T16:25:30.231+0000] {taskinstance.py:2596} INFO - 0 downstream tasks scheduled from follow-on schedule check
