[2023-11-05T16:01:10.658+0000] {manager.py:487} INFO - Processing files using up to 2 processes at a time 
[2023-11-05T16:01:10.695+0000] {manager.py:488} INFO - Process each file at most once every 30 seconds
[2023-11-05T16:01:10.723+0000] {manager.py:490} INFO - Checking for new files in /opt/airflow/dags every 300 seconds
[2023-11-05T16:01:10.741+0000] {manager.py:736} INFO - Searching for files in /opt/airflow/dags
[2023-11-05T16:01:11.396+0000] {manager.py:739} INFO - There are 1 files in /opt/airflow/dags
[2023-11-05T16:01:12.255+0000] {manager.py:864} INFO - 
================================================================================
DAG File Processing Stats

File Path                                     PID  Runtime      # DAGs    # Errors  Last Runtime    Last Run
------------------------------------------  -----  ---------  --------  ----------  --------------  ----------
/opt/airflow/dags/ETL_people_places_dag.py    213  0.39s             0           0
================================================================================
[2023-11-05T16:01:43.630+0000] {manager.py:864} INFO - 
================================================================================
DAG File Processing Stats

File Path                                   PID    Runtime      # DAGs    # Errors  Last Runtime    Last Run
------------------------------------------  -----  ---------  --------  ----------  --------------  -------------------
/opt/airflow/dags/ETL_people_places_dag.py                           1           0  7.97s           2023-11-05T16:01:19
================================================================================
[2023-11-05T16:02:15.459+0000] {manager.py:864} INFO - 
================================================================================
DAG File Processing Stats

File Path                                   PID    Runtime      # DAGs    # Errors  Last Runtime    Last Run
------------------------------------------  -----  ---------  --------  ----------  --------------  -------------------
/opt/airflow/dags/ETL_people_places_dag.py                           1           0  1.86s           2023-11-05T16:01:51
================================================================================
[2023-11-05T16:02:46.079+0000] {manager.py:864} INFO - 
================================================================================
DAG File Processing Stats

File Path                                   PID    Runtime      # DAGs    # Errors  Last Runtime    Last Run
------------------------------------------  -----  ---------  --------  ----------  --------------  -------------------
/opt/airflow/dags/ETL_people_places_dag.py                           1           0  3.85s           2023-11-05T16:02:26
================================================================================
[2023-11-05T16:03:16.401+0000] {manager.py:864} INFO - 
================================================================================
DAG File Processing Stats

File Path                                   PID    Runtime      # DAGs    # Errors  Last Runtime    Last Run
------------------------------------------  -----  ---------  --------  ----------  --------------  -------------------
/opt/airflow/dags/ETL_people_places_dag.py                           1           0  11.59s          2023-11-05T16:03:08
================================================================================
[2023-11-05T16:03:47.367+0000] {manager.py:864} INFO - 
================================================================================
DAG File Processing Stats

File Path                                   PID    Runtime      # DAGs    # Errors  Last Runtime    Last Run
------------------------------------------  -----  ---------  --------  ----------  --------------  -------------------
/opt/airflow/dags/ETL_people_places_dag.py                           1           0  5.10s           2023-11-05T16:03:43
================================================================================
[2023-11-05T16:04:17.854+0000] {manager.py:864} INFO - 
================================================================================
DAG File Processing Stats

File Path                                   PID    Runtime      # DAGs    # Errors  Last Runtime    Last Run
------------------------------------------  -----  ---------  --------  ----------  --------------  -------------------
/opt/airflow/dags/ETL_people_places_dag.py                           1           0  2.43s           2023-11-05T16:04:16
================================================================================
[2023-11-05T16:04:48.000+0000] {manager.py:864} INFO - 
================================================================================
DAG File Processing Stats

File Path                                     PID  Runtime      # DAGs    # Errors  Last Runtime    Last Run
------------------------------------------  -----  ---------  --------  ----------  --------------  -------------------
/opt/airflow/dags/ETL_people_places_dag.py    453  0.65s             1           0  2.43s           2023-11-05T16:04:16
================================================================================
[2023-11-05T16:05:18.462+0000] {manager.py:864} INFO - 
================================================================================
DAG File Processing Stats

File Path                                   PID    Runtime      # DAGs    # Errors  Last Runtime    Last Run
------------------------------------------  -----  ---------  --------  ----------  --------------  -------------------
/opt/airflow/dags/ETL_people_places_dag.py                           1           0  4.04s           2023-11-05T16:04:51
================================================================================
[2023-11-05T16:05:49.784+0000] {manager.py:864} INFO - 
================================================================================
DAG File Processing Stats

File Path                                   PID    Runtime      # DAGs    # Errors  Last Runtime    Last Run
------------------------------------------  -----  ---------  --------  ----------  --------------  -------------------
/opt/airflow/dags/ETL_people_places_dag.py                           1           0  1.41s           2023-11-05T16:05:22
================================================================================
[2023-11-05T16:06:11.441+0000] {manager.py:736} INFO - Searching for files in /opt/airflow/dags
[2023-11-05T16:06:11.542+0000] {manager.py:739} INFO - There are 1 files in /opt/airflow/dags
[2023-11-05T16:06:20.724+0000] {manager.py:864} INFO - 
================================================================================
DAG File Processing Stats

File Path                                   PID    Runtime      # DAGs    # Errors  Last Runtime    Last Run
------------------------------------------  -----  ---------  --------  ----------  --------------  -------------------
/opt/airflow/dags/ETL_people_places_dag.py                           1           0  2.27s           2023-11-05T16:05:55
================================================================================
[2023-11-05T16:06:50.800+0000] {manager.py:864} INFO - 
================================================================================
DAG File Processing Stats

File Path                                   PID    Runtime      # DAGs    # Errors  Last Runtime    Last Run
------------------------------------------  -----  ---------  --------  ----------  --------------  -------------------
/opt/airflow/dags/ETL_people_places_dag.py                           1           0  2.78s           2023-11-05T16:06:28
================================================================================
[2023-11-05T16:07:21.136+0000] {manager.py:864} INFO - 
================================================================================
DAG File Processing Stats

File Path                                   PID    Runtime      # DAGs    # Errors  Last Runtime    Last Run
------------------------------------------  -----  ---------  --------  ----------  --------------  -------------------
/opt/airflow/dags/ETL_people_places_dag.py                           1           0  0.61s           2023-11-05T16:06:59
================================================================================
[2023-11-05T16:07:51.405+0000] {manager.py:864} INFO - 
================================================================================
DAG File Processing Stats

File Path                                   PID    Runtime      # DAGs    # Errors  Last Runtime    Last Run
------------------------------------------  -----  ---------  --------  ----------  --------------  -------------------
/opt/airflow/dags/ETL_people_places_dag.py                           1           0  2.36s           2023-11-05T16:07:32
================================================================================
[2023-11-05T16:08:21.794+0000] {manager.py:864} INFO - 
================================================================================
DAG File Processing Stats

File Path                                   PID    Runtime      # DAGs    # Errors  Last Runtime    Last Run
------------------------------------------  -----  ---------  --------  ----------  --------------  -------------------
/opt/airflow/dags/ETL_people_places_dag.py                           1           0  0.57s           2023-11-05T16:08:03
================================================================================
[2023-11-05T16:08:52.195+0000] {manager.py:864} INFO - 
================================================================================
DAG File Processing Stats

File Path                                   PID    Runtime      # DAGs    # Errors  Last Runtime    Last Run
------------------------------------------  -----  ---------  --------  ----------  --------------  -------------------
/opt/airflow/dags/ETL_people_places_dag.py                           1           0  0.63s           2023-11-05T16:08:34
================================================================================
[2023-11-05T16:09:22.506+0000] {manager.py:864} INFO - 
================================================================================
DAG File Processing Stats

File Path                                   PID    Runtime      # DAGs    # Errors  Last Runtime    Last Run
------------------------------------------  -----  ---------  --------  ----------  --------------  -------------------
/opt/airflow/dags/ETL_people_places_dag.py                           1           0  0.45s           2023-11-05T16:09:04
================================================================================
[2023-11-05T16:09:52.580+0000] {manager.py:864} INFO - 
================================================================================
DAG File Processing Stats

File Path                                   PID    Runtime      # DAGs    # Errors  Last Runtime    Last Run
------------------------------------------  -----  ---------  --------  ----------  --------------  -------------------
/opt/airflow/dags/ETL_people_places_dag.py                           1           0  0.44s           2023-11-05T16:09:35
================================================================================
[2023-11-05T16:10:22.863+0000] {manager.py:864} INFO - 
================================================================================
DAG File Processing Stats

File Path                                   PID    Runtime      # DAGs    # Errors  Last Runtime    Last Run
------------------------------------------  -----  ---------  --------  ----------  --------------  -------------------
/opt/airflow/dags/ETL_people_places_dag.py                           1           0  0.48s           2023-11-05T16:10:06
================================================================================
[2023-11-05T16:10:53.093+0000] {manager.py:864} INFO - 
================================================================================
DAG File Processing Stats

File Path                                   PID    Runtime      # DAGs    # Errors  Last Runtime    Last Run
------------------------------------------  -----  ---------  --------  ----------  --------------  -------------------
/opt/airflow/dags/ETL_people_places_dag.py                           1           0  0.65s           2023-11-05T16:10:37
================================================================================
[2023-11-05T16:11:03.300+0000] {manager.py:469} INFO - Exiting gracefully upon receiving signal 15
[2023-11-05T16:13:45.969+0000] {manager.py:487} INFO - Processing files using up to 2 processes at a time 
[2023-11-05T16:13:45.972+0000] {manager.py:488} INFO - Process each file at most once every 30 seconds
[2023-11-05T16:13:45.975+0000] {manager.py:490} INFO - Checking for new files in /opt/airflow/dags every 300 seconds
[2023-11-05T16:13:45.978+0000] {manager.py:736} INFO - Searching for files in /opt/airflow/dags
[2023-11-05T16:13:46.030+0000] {manager.py:739} INFO - There are 1 files in /opt/airflow/dags
[2023-11-05T16:13:46.155+0000] {manager.py:864} INFO - 
================================================================================
DAG File Processing Stats

File Path                                     PID  Runtime      # DAGs    # Errors  Last Runtime    Last Run
------------------------------------------  -----  ---------  --------  ----------  --------------  ----------
/opt/airflow/dags/ETL_people_places_dag.py    193  0.07s             0           0
================================================================================
[2023-11-05T16:14:16.330+0000] {manager.py:864} INFO - 
================================================================================
DAG File Processing Stats

File Path                                   PID    Runtime      # DAGs    # Errors  Last Runtime    Last Run
------------------------------------------  -----  ---------  --------  ----------  --------------  -------------------
/opt/airflow/dags/ETL_people_places_dag.py                           1           0  0.55s           2023-11-05T16:13:46
================================================================================
[2023-11-05T16:14:46.980+0000] {manager.py:864} INFO - 
================================================================================
DAG File Processing Stats

File Path                                     PID  Runtime      # DAGs    # Errors  Last Runtime    Last Run
------------------------------------------  -----  ---------  --------  ----------  --------------  -------------------
/opt/airflow/dags/ETL_people_places_dag.py    286  0.00s             1           0  0.24s           2023-11-05T16:14:17
================================================================================
[2023-11-05T16:15:17.341+0000] {manager.py:864} INFO - 
================================================================================
DAG File Processing Stats

File Path                                     PID  Runtime      # DAGs    # Errors  Last Runtime    Last Run
------------------------------------------  -----  ---------  --------  ----------  --------------  -------------------
/opt/airflow/dags/ETL_people_places_dag.py    342  0.00s             1           0  0.25s           2023-11-05T16:14:47
================================================================================
[2023-11-05T16:15:47.546+0000] {manager.py:864} INFO - 
================================================================================
DAG File Processing Stats

File Path                                   PID    Runtime      # DAGs    # Errors  Last Runtime    Last Run
------------------------------------------  -----  ---------  --------  ----------  --------------  -------------------
/opt/airflow/dags/ETL_people_places_dag.py                           1           0  0.31s           2023-11-05T16:15:17
================================================================================
[2023-11-05T16:16:18.000+0000] {manager.py:864} INFO - 
================================================================================
DAG File Processing Stats

File Path                                   PID    Runtime      # DAGs    # Errors  Last Runtime    Last Run
------------------------------------------  -----  ---------  --------  ----------  --------------  -------------------
/opt/airflow/dags/ETL_people_places_dag.py                           1           0  0.22s           2023-11-05T16:15:48
================================================================================
[2023-11-05T16:16:48.424+0000] {manager.py:864} INFO - 
================================================================================
DAG File Processing Stats

File Path                                     PID  Runtime      # DAGs    # Errors  Last Runtime    Last Run
------------------------------------------  -----  ---------  --------  ----------  --------------  -------------------
/opt/airflow/dags/ETL_people_places_dag.py    510  0.00s             1           0  0.21s           2023-11-05T16:16:18
================================================================================
[2023-11-05T16:17:18.768+0000] {manager.py:864} INFO - 
================================================================================
DAG File Processing Stats

File Path                                     PID  Runtime      # DAGs    # Errors  Last Runtime    Last Run
------------------------------------------  -----  ---------  --------  ----------  --------------  -------------------
/opt/airflow/dags/ETL_people_places_dag.py    555  0.00s             1           0  0.24s           2023-11-05T16:16:48
================================================================================
[2023-11-05T16:17:48.984+0000] {manager.py:864} INFO - 
================================================================================
DAG File Processing Stats

File Path                                   PID    Runtime      # DAGs    # Errors  Last Runtime    Last Run
------------------------------------------  -----  ---------  --------  ----------  --------------  -------------------
/opt/airflow/dags/ETL_people_places_dag.py                           1           0  0.25s           2023-11-05T16:17:19
================================================================================
[2023-11-05T16:18:19.314+0000] {manager.py:864} INFO - 
================================================================================
DAG File Processing Stats

File Path                                   PID    Runtime      # DAGs    # Errors  Last Runtime    Last Run
------------------------------------------  -----  ---------  --------  ----------  --------------  -------------------
/opt/airflow/dags/ETL_people_places_dag.py                           1           0  0.26s           2023-11-05T16:17:49
================================================================================
[2023-11-05T16:18:46.724+0000] {manager.py:736} INFO - Searching for files in /opt/airflow/dags
[2023-11-05T16:18:46.741+0000] {manager.py:739} INFO - There are 1 files in /opt/airflow/dags
[2023-11-05T16:18:49.778+0000] {manager.py:864} INFO - 
================================================================================
DAG File Processing Stats

File Path                                   PID    Runtime      # DAGs    # Errors  Last Runtime    Last Run
------------------------------------------  -----  ---------  --------  ----------  --------------  -------------------
/opt/airflow/dags/ETL_people_places_dag.py                           1           0  0.23s           2023-11-05T16:18:19
================================================================================
[2023-11-05T16:19:20.138+0000] {manager.py:864} INFO - 
================================================================================
DAG File Processing Stats

File Path                                   PID    Runtime      # DAGs    # Errors  Last Runtime    Last Run
------------------------------------------  -----  ---------  --------  ----------  --------------  -------------------
/opt/airflow/dags/ETL_people_places_dag.py                           1           0  0.25s           2023-11-05T16:18:50
================================================================================
[2023-11-05T16:19:50.558+0000] {manager.py:864} INFO - 
================================================================================
DAG File Processing Stats

File Path                                   PID    Runtime      # DAGs    # Errors  Last Runtime    Last Run
------------------------------------------  -----  ---------  --------  ----------  --------------  -------------------
/opt/airflow/dags/ETL_people_places_dag.py                           1           0  0.22s           2023-11-05T16:19:20
================================================================================
[2023-11-05T16:20:19.485+0000] {manager.py:469} INFO - Exiting gracefully upon receiving signal 15
[2023-11-05T16:21:03.087+0000] {manager.py:487} INFO - Processing files using up to 2 processes at a time 
[2023-11-05T16:21:03.091+0000] {manager.py:488} INFO - Process each file at most once every 30 seconds
[2023-11-05T16:21:03.094+0000] {manager.py:490} INFO - Checking for new files in /opt/airflow/dags every 300 seconds
[2023-11-05T16:21:03.098+0000] {manager.py:736} INFO - Searching for files in /opt/airflow/dags
[2023-11-05T16:21:03.167+0000] {manager.py:739} INFO - There are 1 files in /opt/airflow/dags
[2023-11-05T16:21:03.274+0000] {manager.py:864} INFO - 
================================================================================
DAG File Processing Stats

File Path                                     PID  Runtime      # DAGs    # Errors  Last Runtime    Last Run
------------------------------------------  -----  ---------  --------  ----------  --------------  ----------
/opt/airflow/dags/ETL_people_places_dag.py    183  0.05s             0           0
================================================================================
[2023-11-05T16:21:33.419+0000] {manager.py:864} INFO - 
================================================================================
DAG File Processing Stats

File Path                                   PID    Runtime      # DAGs    # Errors  Last Runtime    Last Run
------------------------------------------  -----  ---------  --------  ----------  --------------  -------------------
/opt/airflow/dags/ETL_people_places_dag.py                           1           0  0.63s           2023-11-05T16:21:03
================================================================================
[2023-11-05T16:22:03.441+0000] {manager.py:864} INFO - 
================================================================================
DAG File Processing Stats

File Path                                   PID    Runtime      # DAGs    # Errors  Last Runtime    Last Run
------------------------------------------  -----  ---------  --------  ----------  --------------  -------------------
/opt/airflow/dags/ETL_people_places_dag.py                           1           0  0.25s           2023-11-05T16:21:34
================================================================================
[2023-11-05T16:22:33.623+0000] {manager.py:864} INFO - 
================================================================================
DAG File Processing Stats

File Path                                   PID    Runtime      # DAGs    # Errors  Last Runtime    Last Run
------------------------------------------  -----  ---------  --------  ----------  --------------  -------------------
/opt/airflow/dags/ETL_people_places_dag.py                           1           0  0.24s           2023-11-05T16:22:04
================================================================================
[2023-11-05T16:23:04.015+0000] {manager.py:864} INFO - 
================================================================================
DAG File Processing Stats

File Path                                   PID    Runtime      # DAGs    # Errors  Last Runtime    Last Run
------------------------------------------  -----  ---------  --------  ----------  --------------  -------------------
/opt/airflow/dags/ETL_people_places_dag.py                           1           0  0.28s           2023-11-05T16:22:35
================================================================================
[2023-11-05T16:23:34.481+0000] {manager.py:864} INFO - 
================================================================================
DAG File Processing Stats

File Path                                   PID    Runtime      # DAGs    # Errors  Last Runtime    Last Run
------------------------------------------  -----  ---------  --------  ----------  --------------  -------------------
/opt/airflow/dags/ETL_people_places_dag.py                           1           0  0.20s           2023-11-05T16:23:05
================================================================================
[2023-11-05T16:24:04.808+0000] {manager.py:864} INFO - 
================================================================================
DAG File Processing Stats

File Path                                   PID    Runtime      # DAGs    # Errors  Last Runtime    Last Run
------------------------------------------  -----  ---------  --------  ----------  --------------  -------------------
/opt/airflow/dags/ETL_people_places_dag.py                           1           0  0.22s           2023-11-05T16:23:35
================================================================================
[2023-11-05T16:24:35.392+0000] {manager.py:864} INFO - 
================================================================================
DAG File Processing Stats

File Path                                   PID    Runtime      # DAGs    # Errors  Last Runtime    Last Run
------------------------------------------  -----  ---------  --------  ----------  --------------  -------------------
/opt/airflow/dags/ETL_people_places_dag.py                           1           0  0.21s           2023-11-05T16:24:15
================================================================================
[2023-11-05T16:25:05.739+0000] {manager.py:864} INFO - 
================================================================================
DAG File Processing Stats

File Path                                   PID    Runtime      # DAGs    # Errors  Last Runtime    Last Run
------------------------------------------  -----  ---------  --------  ----------  --------------  -------------------
/opt/airflow/dags/ETL_people_places_dag.py                           1           0  0.22s           2023-11-05T16:25:01
================================================================================
[2023-11-05T16:25:36.119+0000] {manager.py:864} INFO - 
================================================================================
DAG File Processing Stats

File Path                                   PID    Runtime      # DAGs    # Errors  Last Runtime    Last Run
------------------------------------------  -----  ---------  --------  ----------  --------------  -------------------
/opt/airflow/dags/ETL_people_places_dag.py                           1           0  0.26s           2023-11-05T16:25:07
================================================================================
[2023-11-05T16:26:03.360+0000] {manager.py:736} INFO - Searching for files in /opt/airflow/dags
[2023-11-05T16:26:03.379+0000] {manager.py:739} INFO - There are 1 files in /opt/airflow/dags
[2023-11-05T16:26:06.409+0000] {manager.py:864} INFO - 
================================================================================
DAG File Processing Stats

File Path                                   PID    Runtime      # DAGs    # Errors  Last Runtime    Last Run
------------------------------------------  -----  ---------  --------  ----------  --------------  -------------------
/opt/airflow/dags/ETL_people_places_dag.py                           1           0  0.27s           2023-11-05T16:25:37
================================================================================
[2023-11-05T16:26:36.735+0000] {manager.py:864} INFO - 
================================================================================
DAG File Processing Stats

File Path                                   PID    Runtime      # DAGs    # Errors  Last Runtime    Last Run
------------------------------------------  -----  ---------  --------  ----------  --------------  -------------------
/opt/airflow/dags/ETL_people_places_dag.py                           1           0  0.21s           2023-11-05T16:26:07
================================================================================
[2023-11-05T16:27:06.945+0000] {manager.py:864} INFO - 
================================================================================
DAG File Processing Stats

File Path                                   PID    Runtime      # DAGs    # Errors  Last Runtime    Last Run
------------------------------------------  -----  ---------  --------  ----------  --------------  -------------------
/opt/airflow/dags/ETL_people_places_dag.py                           1           0  0.20s           2023-11-05T16:26:37
================================================================================
[2023-11-05T16:27:37.076+0000] {manager.py:864} INFO - 
================================================================================
DAG File Processing Stats

File Path                                   PID    Runtime      # DAGs    # Errors  Last Runtime    Last Run
------------------------------------------  -----  ---------  --------  ----------  --------------  -------------------
/opt/airflow/dags/ETL_people_places_dag.py                           1           0  0.27s           2023-11-05T16:27:37
================================================================================
[2023-11-05T16:28:07.246+0000] {manager.py:864} INFO - 
================================================================================
DAG File Processing Stats

File Path                                   PID    Runtime      # DAGs    # Errors  Last Runtime    Last Run
------------------------------------------  -----  ---------  --------  ----------  --------------  -------------------
/opt/airflow/dags/ETL_people_places_dag.py                           1           0  0.30s           2023-11-05T16:27:41
================================================================================
[2023-11-05T16:28:37.716+0000] {manager.py:864} INFO - 
================================================================================
DAG File Processing Stats

File Path                                   PID    Runtime      # DAGs    # Errors  Last Runtime    Last Run
------------------------------------------  -----  ---------  --------  ----------  --------------  -------------------
/opt/airflow/dags/ETL_people_places_dag.py                           1           0  0.22s           2023-11-05T16:28:11
================================================================================
[2023-11-05T16:29:08.114+0000] {manager.py:864} INFO - 
================================================================================
DAG File Processing Stats

File Path                                   PID    Runtime      # DAGs    # Errors  Last Runtime    Last Run
------------------------------------------  -----  ---------  --------  ----------  --------------  -------------------
/opt/airflow/dags/ETL_people_places_dag.py                           1           0  0.21s           2023-11-05T16:28:42
================================================================================
[2023-11-05T16:29:38.509+0000] {manager.py:864} INFO - 
================================================================================
DAG File Processing Stats

File Path                                   PID    Runtime      # DAGs    # Errors  Last Runtime    Last Run
------------------------------------------  -----  ---------  --------  ----------  --------------  -------------------
/opt/airflow/dags/ETL_people_places_dag.py                           1           0  0.20s           2023-11-05T16:29:12
================================================================================
[2023-11-05T16:30:08.866+0000] {manager.py:864} INFO - 
================================================================================
DAG File Processing Stats

File Path                                   PID    Runtime      # DAGs    # Errors  Last Runtime    Last Run
------------------------------------------  -----  ---------  --------  ----------  --------------  -------------------
/opt/airflow/dags/ETL_people_places_dag.py                           1           0  0.24s           2023-11-05T16:29:42
================================================================================
[2023-11-05T16:30:39.259+0000] {manager.py:864} INFO - 
================================================================================
DAG File Processing Stats

File Path                                   PID    Runtime      # DAGs    # Errors  Last Runtime    Last Run
------------------------------------------  -----  ---------  --------  ----------  --------------  -------------------
/opt/airflow/dags/ETL_people_places_dag.py                           1           0  0.36s           2023-11-05T16:30:13
================================================================================
[2023-11-05T16:31:03.784+0000] {manager.py:736} INFO - Searching for files in /opt/airflow/dags
[2023-11-05T16:31:03.809+0000] {manager.py:739} INFO - There are 1 files in /opt/airflow/dags
[2023-11-05T16:31:09.876+0000] {manager.py:864} INFO - 
================================================================================
DAG File Processing Stats

File Path                                   PID    Runtime      # DAGs    # Errors  Last Runtime    Last Run
------------------------------------------  -----  ---------  --------  ----------  --------------  -------------------
/opt/airflow/dags/ETL_people_places_dag.py                           1           0  0.21s           2023-11-05T16:30:43
================================================================================
[2023-11-05T16:31:40.198+0000] {manager.py:864} INFO - 
================================================================================
DAG File Processing Stats

File Path                                   PID    Runtime      # DAGs    # Errors  Last Runtime    Last Run
------------------------------------------  -----  ---------  --------  ----------  --------------  -------------------
/opt/airflow/dags/ETL_people_places_dag.py                           1           0  0.32s           2023-11-05T16:31:14
================================================================================
[2023-11-05T16:32:10.567+0000] {manager.py:864} INFO - 
================================================================================
DAG File Processing Stats

File Path                                   PID    Runtime      # DAGs    # Errors  Last Runtime    Last Run
------------------------------------------  -----  ---------  --------  ----------  --------------  -------------------
/opt/airflow/dags/ETL_people_places_dag.py                           1           0  0.20s           2023-11-05T16:31:44
================================================================================
[2023-11-05T16:32:40.920+0000] {manager.py:864} INFO - 
================================================================================
DAG File Processing Stats

File Path                                   PID    Runtime      # DAGs    # Errors  Last Runtime    Last Run
------------------------------------------  -----  ---------  --------  ----------  --------------  -------------------
/opt/airflow/dags/ETL_people_places_dag.py                           1           0  0.24s           2023-11-05T16:32:15
================================================================================
[2023-11-05T16:33:11.318+0000] {manager.py:864} INFO - 
================================================================================
DAG File Processing Stats

File Path                                   PID    Runtime      # DAGs    # Errors  Last Runtime    Last Run
------------------------------------------  -----  ---------  --------  ----------  --------------  -------------------
/opt/airflow/dags/ETL_people_places_dag.py                           1           0  0.21s           2023-11-05T16:32:45
================================================================================
[2023-11-05T16:33:41.695+0000] {manager.py:864} INFO - 
================================================================================
DAG File Processing Stats

File Path                                   PID    Runtime      # DAGs    # Errors  Last Runtime    Last Run
------------------------------------------  -----  ---------  --------  ----------  --------------  -------------------
/opt/airflow/dags/ETL_people_places_dag.py                           1           0  0.21s           2023-11-05T16:33:15
================================================================================
[2023-11-05T16:34:12.060+0000] {manager.py:864} INFO - 
================================================================================
DAG File Processing Stats

File Path                                   PID    Runtime      # DAGs    # Errors  Last Runtime    Last Run
------------------------------------------  -----  ---------  --------  ----------  --------------  -------------------
/opt/airflow/dags/ETL_people_places_dag.py                           1           0  0.20s           2023-11-05T16:33:46
================================================================================
[2023-11-05T16:34:42.424+0000] {manager.py:864} INFO - 
================================================================================
DAG File Processing Stats

File Path                                   PID    Runtime      # DAGs    # Errors  Last Runtime    Last Run
------------------------------------------  -----  ---------  --------  ----------  --------------  -------------------
/opt/airflow/dags/ETL_people_places_dag.py                           1           0  0.20s           2023-11-05T16:34:16
================================================================================
[2023-11-05T16:35:12.785+0000] {manager.py:864} INFO - 
================================================================================
DAG File Processing Stats

File Path                                   PID    Runtime      # DAGs    # Errors  Last Runtime    Last Run
------------------------------------------  -----  ---------  --------  ----------  --------------  -------------------
/opt/airflow/dags/ETL_people_places_dag.py                           1           0  0.19s           2023-11-05T16:34:46
================================================================================
[2023-11-05T16:35:43.125+0000] {manager.py:864} INFO - 
================================================================================
DAG File Processing Stats

File Path                                   PID    Runtime      # DAGs    # Errors  Last Runtime    Last Run
------------------------------------------  -----  ---------  --------  ----------  --------------  -------------------
/opt/airflow/dags/ETL_people_places_dag.py                           1           0  0.19s           2023-11-05T16:35:17
================================================================================
[2023-11-05T16:36:04.416+0000] {manager.py:736} INFO - Searching for files in /opt/airflow/dags
[2023-11-05T16:36:04.433+0000] {manager.py:739} INFO - There are 1 files in /opt/airflow/dags
[2023-11-05T16:36:13.501+0000] {manager.py:864} INFO - 
================================================================================
DAG File Processing Stats

File Path                                   PID    Runtime      # DAGs    # Errors  Last Runtime    Last Run
------------------------------------------  -----  ---------  --------  ----------  --------------  -------------------
/opt/airflow/dags/ETL_people_places_dag.py                           1           0  0.22s           2023-11-05T16:35:47
================================================================================
[2023-11-05T16:36:43.705+0000] {manager.py:864} INFO - 
================================================================================
DAG File Processing Stats

File Path                                   PID    Runtime      # DAGs    # Errors  Last Runtime    Last Run
------------------------------------------  -----  ---------  --------  ----------  --------------  -------------------
/opt/airflow/dags/ETL_people_places_dag.py                           1           0  0.21s           2023-11-05T16:36:17
================================================================================
[2023-11-05T16:37:14.060+0000] {manager.py:864} INFO - 
================================================================================
DAG File Processing Stats

File Path                                   PID    Runtime      # DAGs    # Errors  Last Runtime    Last Run
------------------------------------------  -----  ---------  --------  ----------  --------------  -------------------
/opt/airflow/dags/ETL_people_places_dag.py                           1           0  0.20s           2023-11-05T16:36:48
================================================================================
[2023-11-05T16:37:44.422+0000] {manager.py:864} INFO - 
================================================================================
DAG File Processing Stats

File Path                                   PID    Runtime      # DAGs    # Errors  Last Runtime    Last Run
------------------------------------------  -----  ---------  --------  ----------  --------------  -------------------
/opt/airflow/dags/ETL_people_places_dag.py                           1           0  0.21s           2023-11-05T16:37:18
================================================================================
[2023-11-05T16:38:14.797+0000] {manager.py:864} INFO - 
================================================================================
DAG File Processing Stats

File Path                                   PID    Runtime      # DAGs    # Errors  Last Runtime    Last Run
------------------------------------------  -----  ---------  --------  ----------  --------------  -------------------
/opt/airflow/dags/ETL_people_places_dag.py                           1           0  0.22s           2023-11-05T16:37:48
================================================================================
[2023-11-05T16:38:45.189+0000] {manager.py:864} INFO - 
================================================================================
DAG File Processing Stats

File Path                                   PID    Runtime      # DAGs    # Errors  Last Runtime    Last Run
------------------------------------------  -----  ---------  --------  ----------  --------------  -------------------
/opt/airflow/dags/ETL_people_places_dag.py                           1           0  0.20s           2023-11-05T16:38:19
================================================================================
[2023-11-05T16:39:15.558+0000] {manager.py:864} INFO - 
================================================================================
DAG File Processing Stats

File Path                                   PID    Runtime      # DAGs    # Errors  Last Runtime    Last Run
------------------------------------------  -----  ---------  --------  ----------  --------------  -------------------
/opt/airflow/dags/ETL_people_places_dag.py                           1           0  0.19s           2023-11-05T16:38:49
================================================================================
[2023-11-05T16:39:45.910+0000] {manager.py:864} INFO - 
================================================================================
DAG File Processing Stats

File Path                                   PID    Runtime      # DAGs    # Errors  Last Runtime    Last Run
------------------------------------------  -----  ---------  --------  ----------  --------------  -------------------
/opt/airflow/dags/ETL_people_places_dag.py                           1           0  0.20s           2023-11-05T16:39:19
================================================================================
[2023-11-05T16:40:16.137+0000] {manager.py:864} INFO - 
================================================================================
DAG File Processing Stats

File Path                                   PID    Runtime      # DAGs    # Errors  Last Runtime    Last Run
------------------------------------------  -----  ---------  --------  ----------  --------------  -------------------
/opt/airflow/dags/ETL_people_places_dag.py                           1           0  0.20s           2023-11-05T16:39:50
================================================================================
[2023-11-05T16:40:46.513+0000] {manager.py:864} INFO - 
================================================================================
DAG File Processing Stats

File Path                                   PID    Runtime      # DAGs    # Errors  Last Runtime    Last Run
------------------------------------------  -----  ---------  --------  ----------  --------------  -------------------
/opt/airflow/dags/ETL_people_places_dag.py                           1           0  0.21s           2023-11-05T16:40:20
================================================================================
[2023-11-05T16:41:04.649+0000] {manager.py:736} INFO - Searching for files in /opt/airflow/dags
[2023-11-05T16:41:04.669+0000] {manager.py:739} INFO - There are 1 files in /opt/airflow/dags
[2023-11-05T16:41:16.758+0000] {manager.py:864} INFO - 
================================================================================
DAG File Processing Stats

File Path                                   PID    Runtime      # DAGs    # Errors  Last Runtime    Last Run
------------------------------------------  -----  ---------  --------  ----------  --------------  -------------------
/opt/airflow/dags/ETL_people_places_dag.py                           1           0  0.21s           2023-11-05T16:40:50
================================================================================
[2023-11-05T16:41:47.076+0000] {manager.py:864} INFO - 
================================================================================
DAG File Processing Stats

File Path                                   PID    Runtime      # DAGs    # Errors  Last Runtime    Last Run
------------------------------------------  -----  ---------  --------  ----------  --------------  -------------------
/opt/airflow/dags/ETL_people_places_dag.py                           1           0  0.25s           2023-11-05T16:41:21
================================================================================
[2023-11-05T16:42:17.362+0000] {manager.py:864} INFO - 
================================================================================
DAG File Processing Stats

File Path                                   PID    Runtime      # DAGs    # Errors  Last Runtime    Last Run
------------------------------------------  -----  ---------  --------  ----------  --------------  -------------------
/opt/airflow/dags/ETL_people_places_dag.py                           1           0  0.20s           2023-11-05T16:41:51
================================================================================
[2023-11-05T16:42:47.627+0000] {manager.py:864} INFO - 
================================================================================
DAG File Processing Stats

File Path                                   PID    Runtime      # DAGs    # Errors  Last Runtime    Last Run
------------------------------------------  -----  ---------  --------  ----------  --------------  -------------------
/opt/airflow/dags/ETL_people_places_dag.py                           1           0  0.20s           2023-11-05T16:42:21
================================================================================
[2023-11-05T16:43:17.913+0000] {manager.py:864} INFO - 
================================================================================
DAG File Processing Stats

File Path                                   PID    Runtime      # DAGs    # Errors  Last Runtime    Last Run
------------------------------------------  -----  ---------  --------  ----------  --------------  -------------------
/opt/airflow/dags/ETL_people_places_dag.py                           1           0  0.21s           2023-11-05T16:42:51
================================================================================
[2023-11-05T16:43:48.192+0000] {manager.py:864} INFO - 
================================================================================
DAG File Processing Stats

File Path                                   PID    Runtime      # DAGs    # Errors  Last Runtime    Last Run
------------------------------------------  -----  ---------  --------  ----------  --------------  -------------------
/opt/airflow/dags/ETL_people_places_dag.py                           1           0  0.20s           2023-11-05T16:43:22
================================================================================
[2023-11-05T16:44:18.469+0000] {manager.py:864} INFO - 
================================================================================
DAG File Processing Stats

File Path                                   PID    Runtime      # DAGs    # Errors  Last Runtime    Last Run
------------------------------------------  -----  ---------  --------  ----------  --------------  -------------------
/opt/airflow/dags/ETL_people_places_dag.py                           1           0  0.19s           2023-11-05T16:43:52
================================================================================
[2023-11-05T16:44:48.738+0000] {manager.py:864} INFO - 
================================================================================
DAG File Processing Stats

File Path                                   PID    Runtime      # DAGs    # Errors  Last Runtime    Last Run
------------------------------------------  -----  ---------  --------  ----------  --------------  -------------------
/opt/airflow/dags/ETL_people_places_dag.py                           1           0  0.21s           2023-11-05T16:44:22
================================================================================
[2023-11-05T16:45:19.039+0000] {manager.py:864} INFO - 
================================================================================
DAG File Processing Stats

File Path                                   PID    Runtime      # DAGs    # Errors  Last Runtime    Last Run
------------------------------------------  -----  ---------  --------  ----------  --------------  -------------------
/opt/airflow/dags/ETL_people_places_dag.py                           1           0  0.20s           2023-11-05T16:44:52
================================================================================
[2023-11-05T16:45:49.316+0000] {manager.py:864} INFO - 
================================================================================
DAG File Processing Stats

File Path                                   PID    Runtime      # DAGs    # Errors  Last Runtime    Last Run
------------------------------------------  -----  ---------  --------  ----------  --------------  -------------------
/opt/airflow/dags/ETL_people_places_dag.py                           1           0  0.19s           2023-11-05T16:45:23
================================================================================
[2023-11-05T16:46:05.489+0000] {manager.py:736} INFO - Searching for files in /opt/airflow/dags
[2023-11-05T16:46:05.508+0000] {manager.py:739} INFO - There are 1 files in /opt/airflow/dags
[2023-11-05T16:46:19.614+0000] {manager.py:864} INFO - 
================================================================================
DAG File Processing Stats

File Path                                   PID    Runtime      # DAGs    # Errors  Last Runtime    Last Run
------------------------------------------  -----  ---------  --------  ----------  --------------  -------------------
/opt/airflow/dags/ETL_people_places_dag.py                           1           0  0.21s           2023-11-05T16:45:53
================================================================================
[2023-11-05T16:46:49.869+0000] {manager.py:864} INFO - 
================================================================================
DAG File Processing Stats

File Path                                   PID    Runtime      # DAGs    # Errors  Last Runtime    Last Run
------------------------------------------  -----  ---------  --------  ----------  --------------  -------------------
/opt/airflow/dags/ETL_people_places_dag.py                           1           0  0.20s           2023-11-05T16:46:23
================================================================================
[2023-11-05T16:47:20.187+0000] {manager.py:864} INFO - 
================================================================================
DAG File Processing Stats

File Path                                   PID    Runtime      # DAGs    # Errors  Last Runtime    Last Run
------------------------------------------  -----  ---------  --------  ----------  --------------  -------------------
/opt/airflow/dags/ETL_people_places_dag.py                           1           0  0.20s           2023-11-05T16:46:54
================================================================================
[2023-11-05T16:47:50.423+0000] {manager.py:864} INFO - 
================================================================================
DAG File Processing Stats

File Path                                   PID    Runtime      # DAGs    # Errors  Last Runtime    Last Run
------------------------------------------  -----  ---------  --------  ----------  --------------  -------------------
/opt/airflow/dags/ETL_people_places_dag.py                           1           0  0.19s           2023-11-05T16:47:24
================================================================================
[2023-11-05T16:48:20.731+0000] {manager.py:864} INFO - 
================================================================================
DAG File Processing Stats

File Path                                   PID    Runtime      # DAGs    # Errors  Last Runtime    Last Run
------------------------------------------  -----  ---------  --------  ----------  --------------  -------------------
/opt/airflow/dags/ETL_people_places_dag.py                           1           0  0.24s           2023-11-05T16:47:54
================================================================================
[2023-11-05T16:48:51.022+0000] {manager.py:864} INFO - 
================================================================================
DAG File Processing Stats

File Path                                   PID    Runtime      # DAGs    # Errors  Last Runtime    Last Run
------------------------------------------  -----  ---------  --------  ----------  --------------  -------------------
/opt/airflow/dags/ETL_people_places_dag.py                           1           0  0.19s           2023-11-05T16:48:24
================================================================================
[2023-11-05T16:49:21.291+0000] {manager.py:864} INFO - 
================================================================================
DAG File Processing Stats

File Path                                   PID    Runtime      # DAGs    # Errors  Last Runtime    Last Run
------------------------------------------  -----  ---------  --------  ----------  --------------  -------------------
/opt/airflow/dags/ETL_people_places_dag.py                           1           0  0.22s           2023-11-05T16:48:55
================================================================================
[2023-11-05T16:49:51.604+0000] {manager.py:864} INFO - 
================================================================================
DAG File Processing Stats

File Path                                   PID    Runtime      # DAGs    # Errors  Last Runtime    Last Run
------------------------------------------  -----  ---------  --------  ----------  --------------  -------------------
/opt/airflow/dags/ETL_people_places_dag.py                           1           0  0.22s           2023-11-05T16:49:25
================================================================================
[2023-11-05T16:50:21.846+0000] {manager.py:864} INFO - 
================================================================================
DAG File Processing Stats

File Path                                   PID    Runtime      # DAGs    # Errors  Last Runtime    Last Run
------------------------------------------  -----  ---------  --------  ----------  --------------  -------------------
/opt/airflow/dags/ETL_people_places_dag.py                           1           0  0.21s           2023-11-05T16:49:55
================================================================================
[2023-11-05T16:50:52.161+0000] {manager.py:864} INFO - 
================================================================================
DAG File Processing Stats

File Path                                   PID    Runtime      # DAGs    # Errors  Last Runtime    Last Run
------------------------------------------  -----  ---------  --------  ----------  --------------  -------------------
/opt/airflow/dags/ETL_people_places_dag.py                           1           0  0.21s           2023-11-05T16:50:26
================================================================================
[2023-11-05T16:51:06.301+0000] {manager.py:736} INFO - Searching for files in /opt/airflow/dags
[2023-11-05T16:51:06.329+0000] {manager.py:739} INFO - There are 1 files in /opt/airflow/dags
[2023-11-05T16:51:22.456+0000] {manager.py:864} INFO - 
================================================================================
DAG File Processing Stats

File Path                                   PID    Runtime      # DAGs    # Errors  Last Runtime    Last Run
------------------------------------------  -----  ---------  --------  ----------  --------------  -------------------
/opt/airflow/dags/ETL_people_places_dag.py                           1           0  0.21s           2023-11-05T16:50:56
================================================================================
[2023-11-05T16:51:52.711+0000] {manager.py:864} INFO - 
================================================================================
DAG File Processing Stats

File Path                                   PID    Runtime      # DAGs    # Errors  Last Runtime    Last Run
------------------------------------------  -----  ---------  --------  ----------  --------------  -------------------
/opt/airflow/dags/ETL_people_places_dag.py                           1           0  0.45s           2023-11-05T16:51:26
================================================================================
[2023-11-05T16:52:23.269+0000] {manager.py:864} INFO - 
================================================================================
DAG File Processing Stats

File Path                                   PID    Runtime      # DAGs    # Errors  Last Runtime    Last Run
------------------------------------------  -----  ---------  --------  ----------  --------------  -------------------
/opt/airflow/dags/ETL_people_places_dag.py                           1           0  0.21s           2023-11-05T16:51:57
================================================================================
[2023-11-05T16:52:53.618+0000] {manager.py:864} INFO - 
================================================================================
DAG File Processing Stats

File Path                                   PID    Runtime      # DAGs    # Errors  Last Runtime    Last Run
------------------------------------------  -----  ---------  --------  ----------  --------------  -------------------
/opt/airflow/dags/ETL_people_places_dag.py                           1           0  0.21s           2023-11-05T16:52:27
================================================================================
[2023-11-05T16:53:24.040+0000] {manager.py:864} INFO - 
================================================================================
DAG File Processing Stats

File Path                                   PID    Runtime      # DAGs    # Errors  Last Runtime    Last Run
------------------------------------------  -----  ---------  --------  ----------  --------------  -------------------
/opt/airflow/dags/ETL_people_places_dag.py                           1           0  0.23s           2023-11-05T16:52:58
================================================================================
[2023-11-05T16:53:54.661+0000] {manager.py:864} INFO - 
================================================================================
DAG File Processing Stats

File Path                                   PID    Runtime      # DAGs    # Errors  Last Runtime    Last Run
------------------------------------------  -----  ---------  --------  ----------  --------------  -------------------
/opt/airflow/dags/ETL_people_places_dag.py                           1           0  0.32s           2023-11-05T16:53:52
================================================================================
[2023-11-05T16:54:25.111+0000] {manager.py:864} INFO - 
================================================================================
DAG File Processing Stats

File Path                                   PID    Runtime      # DAGs    # Errors  Last Runtime    Last Run
------------------------------------------  -----  ---------  --------  ----------  --------------  -------------------
/opt/airflow/dags/ETL_people_places_dag.py                           1           0  0.27s           2023-11-05T16:54:02
================================================================================
[2023-11-05T16:54:55.131+0000] {manager.py:864} INFO - 
================================================================================
DAG File Processing Stats

File Path                                   PID    Runtime      # DAGs    # Errors  Last Runtime    Last Run
------------------------------------------  -----  ---------  --------  ----------  --------------  -------------------
/opt/airflow/dags/ETL_people_places_dag.py                           1           0  0.26s           2023-11-05T16:54:54
================================================================================
[2023-11-05T16:55:25.628+0000] {manager.py:864} INFO - 
================================================================================
DAG File Processing Stats

File Path                                   PID    Runtime      # DAGs    # Errors  Last Runtime    Last Run
------------------------------------------  -----  ---------  --------  ----------  --------------  -------------------
/opt/airflow/dags/ETL_people_places_dag.py                           1           0  0.21s           2023-11-05T16:55:17
================================================================================
[2023-11-05T16:55:55.982+0000] {manager.py:864} INFO - 
================================================================================
DAG File Processing Stats

File Path                                   PID    Runtime      # DAGs    # Errors  Last Runtime    Last Run
------------------------------------------  -----  ---------  --------  ----------  --------------  -------------------
/opt/airflow/dags/ETL_people_places_dag.py                           1           0  0.22s           2023-11-05T16:55:48
================================================================================
[2023-11-05T16:56:07.042+0000] {manager.py:736} INFO - Searching for files in /opt/airflow/dags
[2023-11-05T16:56:07.068+0000] {manager.py:739} INFO - There are 1 files in /opt/airflow/dags
[2023-11-05T16:56:26.328+0000] {manager.py:864} INFO - 
================================================================================
DAG File Processing Stats

File Path                                   PID    Runtime      # DAGs    # Errors  Last Runtime    Last Run
------------------------------------------  -----  ---------  --------  ----------  --------------  -------------------
/opt/airflow/dags/ETL_people_places_dag.py                           1           0  0.18s           2023-11-05T16:56:18
================================================================================
[2023-11-05T16:56:56.681+0000] {manager.py:864} INFO - 
================================================================================
DAG File Processing Stats

File Path                                   PID    Runtime      # DAGs    # Errors  Last Runtime    Last Run
------------------------------------------  -----  ---------  --------  ----------  --------------  -------------------
/opt/airflow/dags/ETL_people_places_dag.py                           1           0  0.25s           2023-11-05T16:56:48
================================================================================
[2023-11-05T16:57:27.090+0000] {manager.py:864} INFO - 
================================================================================
DAG File Processing Stats

File Path                                   PID    Runtime      # DAGs    # Errors  Last Runtime    Last Run
------------------------------------------  -----  ---------  --------  ----------  --------------  -------------------
/opt/airflow/dags/ETL_people_places_dag.py                           1           0  0.22s           2023-11-05T16:57:19
================================================================================
[2023-11-05T16:57:57.480+0000] {manager.py:864} INFO - 
================================================================================
DAG File Processing Stats

File Path                                   PID    Runtime      # DAGs    # Errors  Last Runtime    Last Run
------------------------------------------  -----  ---------  --------  ----------  --------------  -------------------
/opt/airflow/dags/ETL_people_places_dag.py                           1           0  0.19s           2023-11-05T16:57:49
================================================================================
