[2023-11-05T16:52:40.900+0000] {taskinstance.py:1090} INFO - Dependencies all met for dep_context=non-requeueable deps ti=<TaskInstance: ETL_People_Places.transform_people_places manual__2023-11-05T16:52:29.238477+00:00 [queued]>
[2023-11-05T16:52:40.913+0000] {taskinstance.py:1090} INFO - Dependencies all met for dep_context=requeueable deps ti=<TaskInstance: ETL_People_Places.transform_people_places manual__2023-11-05T16:52:29.238477+00:00 [queued]>
[2023-11-05T16:52:40.914+0000] {taskinstance.py:1288} INFO - 
--------------------------------------------------------------------------------
[2023-11-05T16:52:40.915+0000] {taskinstance.py:1289} INFO - Starting attempt 1 of 1
[2023-11-05T16:52:40.917+0000] {taskinstance.py:1290} INFO - 
--------------------------------------------------------------------------------
[2023-11-05T16:52:40.934+0000] {taskinstance.py:1309} INFO - Executing <Task(DockerOperator): transform_people_places> on 2023-11-05 16:52:29.238477+00:00
[2023-11-05T16:52:40.939+0000] {standard_task_runner.py:55} INFO - Started process 3561 to run task
[2023-11-05T16:52:40.942+0000] {standard_task_runner.py:82} INFO - Running: ['***', 'tasks', 'run', 'ETL_People_Places', 'transform_people_places', 'manual__2023-11-05T16:52:29.238477+00:00', '--job-id', '39', '--raw', '--subdir', 'DAGS_FOLDER/ETL_people_places_dag.py', '--cfg-path', '/tmp/tmprd_cpror']
[2023-11-05T16:52:40.945+0000] {standard_task_runner.py:83} INFO - Job 39: Subtask transform_people_places
[2023-11-05T16:52:41.021+0000] {task_command.py:389} INFO - Running <TaskInstance: ETL_People_Places.transform_people_places manual__2023-11-05T16:52:29.238477+00:00 [running]> on host 526ca62ab683
[2023-11-05T16:52:41.105+0000] {taskinstance.py:1518} INFO - Exporting the following env vars:
AIRFLOW_CTX_DAG_EMAIL=***@example.com
AIRFLOW_CTX_DAG_OWNER=***
AIRFLOW_CTX_DAG_ID=ETL_People_Places
AIRFLOW_CTX_TASK_ID=transform_people_places
AIRFLOW_CTX_EXECUTION_DATE=2023-11-05T16:52:29.238477+00:00
AIRFLOW_CTX_TRY_NUMBER=1
AIRFLOW_CTX_DAG_RUN_ID=manual__2023-11-05T16:52:29.238477+00:00
[2023-11-05T16:52:41.129+0000] {docker.py:306} INFO - Starting docker container from image transform:latest
[2023-11-05T16:52:41.957+0000] {docker.py:373} INFO - result final: {'Northern Ireland': 1952, 'Scotland': 8048}
Results have been written to data/summary_output.json
[2023-11-05T16:52:42.115+0000] {taskinstance.py:1332} INFO - Marking task as SUCCESS. dag_id=ETL_People_Places, task_id=transform_people_places, execution_date=20231105T165229, start_date=20231105T165240, end_date=20231105T165242
[2023-11-05T16:52:42.162+0000] {local_task_job.py:212} INFO - Task exited with return code 0
[2023-11-05T16:52:42.187+0000] {taskinstance.py:2596} INFO - 0 downstream tasks scheduled from follow-on schedule check
