[2023-11-05T16:28:16.006+0000] {taskinstance.py:1090} INFO - Dependencies all met for dep_context=non-requeueable deps ti=<TaskInstance: ETL_People_Places.load_places manual__2023-11-05T16:28:15.125176+00:00 [queued]>
[2023-11-05T16:28:16.018+0000] {taskinstance.py:1090} INFO - Dependencies all met for dep_context=requeueable deps ti=<TaskInstance: ETL_People_Places.load_places manual__2023-11-05T16:28:15.125176+00:00 [queued]>
[2023-11-05T16:28:16.019+0000] {taskinstance.py:1288} INFO - 
--------------------------------------------------------------------------------
[2023-11-05T16:28:16.020+0000] {taskinstance.py:1289} INFO - Starting attempt 1 of 1
[2023-11-05T16:28:16.021+0000] {taskinstance.py:1290} INFO - 
--------------------------------------------------------------------------------
[2023-11-05T16:28:16.039+0000] {taskinstance.py:1309} INFO - Executing <Task(DockerOperator): load_places> on 2023-11-05 16:28:15.125176+00:00
[2023-11-05T16:28:16.045+0000] {standard_task_runner.py:55} INFO - Started process 992 to run task
[2023-11-05T16:28:16.049+0000] {standard_task_runner.py:82} INFO - Running: ['***', 'tasks', 'run', 'ETL_People_Places', 'load_places', 'manual__2023-11-05T16:28:15.125176+00:00', '--job-id', '25', '--raw', '--subdir', 'DAGS_FOLDER/ETL_people_places_dag.py', '--cfg-path', '/tmp/tmpmoswe3z8']
[2023-11-05T16:28:16.052+0000] {standard_task_runner.py:83} INFO - Job 25: Subtask load_places
[2023-11-05T16:28:16.135+0000] {task_command.py:389} INFO - Running <TaskInstance: ETL_People_Places.load_places manual__2023-11-05T16:28:15.125176+00:00 [running]> on host 526ca62ab683
[2023-11-05T16:28:16.229+0000] {taskinstance.py:1518} INFO - Exporting the following env vars:
AIRFLOW_CTX_DAG_EMAIL=***@example.com
AIRFLOW_CTX_DAG_OWNER=***
AIRFLOW_CTX_DAG_ID=ETL_People_Places
AIRFLOW_CTX_TASK_ID=load_places
AIRFLOW_CTX_EXECUTION_DATE=2023-11-05T16:28:15.125176+00:00
AIRFLOW_CTX_TRY_NUMBER=1
AIRFLOW_CTX_DAG_RUN_ID=manual__2023-11-05T16:28:15.125176+00:00
[2023-11-05T16:28:16.256+0000] {docker.py:306} INFO - Starting docker container from image load_places:latest
[2023-11-05T16:28:22.151+0000] {taskinstance.py:1332} INFO - Marking task as SUCCESS. dag_id=ETL_People_Places, task_id=load_places, execution_date=20231105T162815, start_date=20231105T162816, end_date=20231105T162822
[2023-11-05T16:28:22.197+0000] {local_task_job.py:212} INFO - Task exited with return code 0
[2023-11-05T16:28:22.267+0000] {taskinstance.py:2596} INFO - 1 downstream tasks scheduled from follow-on schedule check
